<?xml version="1.0" encoding="utf-8" standalone="no"?>
<!--This file represents the results of running a test suite-->
<test-results name="C:\Users\Yolomancer\Documents\GitHub\P2programming\MedScheduleRemateredTest\bin\Debug\MedScheduleRemateredTest.dll" total="6" errors="0" failures="0" not-run="0" inconclusive="0" ignored="0" skipped="0" invalid="0" date="2015-05-21" time="12:55:19">
  <environment nunit-version="2.6.4.14350" clr-version="2.0.50727.8009" os-version="Microsoft Windows NT 6.2.9200.0" platform="Win32NT" cwd="C:\Program Files (x86)\NUnit 2.6.4\bin" machine-name="CRAPPIELAPPIE" user="Yolomancer" user-domain="crappielappie" />
  <culture-info current-culture="da-DK" current-uiculture="da-DK" />
  <test-suite type="Assembly" name="C:\Users\Yolomancer\Documents\GitHub\P2programming\MedScheduleRemateredTest\bin\Debug\MedScheduleRemateredTest.dll" executed="True" result="Success" success="True" time="0.154" asserts="0">
    <results>
      <test-suite type="Namespace" name="MedScheduleRemateredTest" executed="True" result="Success" success="True" time="0.133" asserts="0">
        <results>
          <test-suite type="TestFixture" name="NurseTest" executed="True" result="Success" success="True" time="0.101" asserts="0">
            <results>
              <test-case name="MedScheduleRemateredTest.NurseTest.IncrementsNurseWorkCounter_Nurse_Adds1ToWorkCounter" executed="True" result="Success" success="True" time="0.083" asserts="1" />
              <test-case name="MedScheduleRemateredTest.NurseTest.ResetsWorkCounter_Nurse_SetsWorkCounterToZero" executed="True" result="Success" success="True" time="0.001" asserts="1" />
            </results>
          </test-suite>
          <test-suite type="TestFixture" name="ShiftTest" executed="True" result="Success" success="True" time="0.026" asserts="0">
            <results>
              <test-case name="MedScheduleRemateredTest.ShiftTest.AddsNurseToShift_TakesNurse_ShiftContainsNurse" executed="True" result="Success" success="True" time="0.005" asserts="1" />
              <test-case name="MedScheduleRemateredTest.ShiftTest.RemoveNurseFromShift_TakesNurse_DoesNotContainNurse" executed="True" result="Success" success="True" time="0.004" asserts="1" />
              <test-case name="MedScheduleRemateredTest.ShiftTest.ReturnsIfShiftIsFull_TakesNoParameters_False" executed="True" result="Success" success="True" time="0.006" asserts="1" />
              <test-case name="MedScheduleRemateredTest.ShiftTest.ReturnsIfShiftIsFull_TakesNoParameters_True" executed="True" result="Success" success="True" time="0.001" asserts="1" />
            </results>
          </test-suite>
        </results>
      </test-suite>
    </results>
  </test-suite>
</test-results>